build/app/intermediates/manifest_merge_blame_file/release/manifest-merger-blame-release-report.txt
1<?xml version="1.0" encoding="utf-8"?>
2<manifest xmlns:android="http://schemas.android.com/apk/res/android"
3    package="com.ist.yesil"
4    android:versionCode="1"
5    android:versionName="1.0.0" >
6
7    <uses-sdk
8        android:minSdkVersion="21"
8-->src/main/AndroidManifest.xml
9        android:targetSdkVersion="30" />
9-->src/main/AndroidManifest.xml
10
11    <!--
12     io.flutter.app.FlutterApplication is an android.app.Application that
13         calls FlutterMain.startInitialization(this); in its onCreate method.
14         In most cases you can leave this as-is, but you if you want to provide
15         additional functionality it is fine to subclass or reimplement
16    <uses-permission android:name="android.permission.ACCESS_FINE_LOCATION" />
17    <uses-permission android:name="android.permission.ACCESS_COARSE_LOCATION" />
18    -->
19    <uses-permission android:name="android.permission.INTERNET" />
19-->src/main/AndroidManifest.xml:13:5-67
19-->src/main/AndroidManifest.xml:13:22-64
20    <uses-permission android:name="android.permission.ACCESS_NETWORK_STATE" />
20-->[:firebase_analytics] AndroidManifest.xml:7:5-79
20-->[:firebase_analytics] AndroidManifest.xml:7:22-76
21    <uses-permission android:name="android.permission.WAKE_LOCK" />
21-->[:firebase_analytics] AndroidManifest.xml:9:5-68
21-->[:firebase_analytics] AndroidManifest.xml:9:22-65
22
23    <uses-feature
23-->[com.google.android.gms:play-services-maps:17.0.0] AndroidManifest.xml:26:5-28:35
24        android:glEsVersion="0x00020000"
24-->[com.google.android.gms:play-services-maps:17.0.0] AndroidManifest.xml:27:9-41
25        android:required="true" />
25-->[com.google.android.gms:play-services-maps:17.0.0] AndroidManifest.xml:28:9-32
26
27    <uses-permission android:name="com.google.android.finsky.permission.BIND_GET_INSTALL_REFERRER_SERVICE" />
27-->[com.google.android.gms:play-services-measurement:20.0.0] AndroidManifest.xml:26:5-110
27-->[com.google.android.gms:play-services-measurement:20.0.0] AndroidManifest.xml:26:22-107
28
29    <application
29-->src/main/AndroidManifest.xml:15:5-69:19
30        android:name="io.flutter.app.FlutterApplication"
30-->src/main/AndroidManifest.xml:16:9-57
31        android:appComponentFactory="androidx.core.app.CoreComponentFactory"
31-->[androidx.core:core:1.1.0] AndroidManifest.xml:24:18-86
32        android:icon="@mipmap/launcher_icon"
32-->src/main/AndroidManifest.xml:17:9-45
33        android:label="Yeşil" >
33-->src/main/AndroidManifest.xml:18:9-30
34        <meta-data
34-->src/main/AndroidManifest.xml:20:1-22:59
35            android:name="com.google.android.geo.API_KEY"
35-->src/main/AndroidManifest.xml:21:1-46
36            android:value="AIzaSyC9b7HgMd2ZrIwBGHFyJn11NlJ7P1BoEZU" />
36-->src/main/AndroidManifest.xml:22:1-56
37
38        <activity
38-->src/main/AndroidManifest.xml:26:9-61:20
39            android:name="com.ist.yesil.MainActivity2"
39-->src/main/AndroidManifest.xml:27:13-42
40            android:configChanges="orientation|keyboardHidden|keyboard|screenSize|smallestScreenSize|locale|layoutDirection|fontScale|screenLayout|density|uiMode"
40-->src/main/AndroidManifest.xml:28:13-163
41            android:hardwareAccelerated="true"
41-->src/main/AndroidManifest.xml:29:13-47
42            android:launchMode="singleTop"
42-->src/main/AndroidManifest.xml:30:13-43
43            android:theme="@style/LaunchTheme"
43-->src/main/AndroidManifest.xml:31:13-47
44            android:windowSoftInputMode="adjustResize" >
44-->src/main/AndroidManifest.xml:32:13-55
45
46            <!--
47                 Specifies an Android theme to apply to this Activity as soon as
48                 the Android process has started. This theme is visible to the user
49                 while the Flutter UI initializes. After that, this theme continues
50                 to determine the Window background behind the Flutter UI.
51            -->
52            <meta-data
52-->src/main/AndroidManifest.xml:40:13-42:57
53                android:name="io.flutter.embedding.android.NormalTheme"
53-->src/main/AndroidManifest.xml:41:17-72
54                android:resource="@style/NormalTheme" />
54-->src/main/AndroidManifest.xml:42:17-54
55            <!--
56                 Displays an Android View that continues showing the launch screen
57                 Drawable until Flutter paints its first frame, then this splash
58                 screen fades out. A splash screen is useful to avoid any visual
59                 gap between the end of Android's launch screen and the painting of
60                 Flutter's first frame.
61            -->
62            <meta-data
62-->src/main/AndroidManifest.xml:50:13-52:66
63                android:name="io.flutter.embedding.android.SplashScreenDrawable"
63-->src/main/AndroidManifest.xml:51:17-81
64                android:resource="@drawable/launch_background" />
64-->src/main/AndroidManifest.xml:52:17-63
65
66            <intent-filter>
66-->src/main/AndroidManifest.xml:54:13-58:29
67                <action android:name="android.intent.action.MAIN" />
67-->src/main/AndroidManifest.xml:55:17-69
67-->src/main/AndroidManifest.xml:55:25-66
68
69                <category android:name="android.intent.category.LAUNCHER" />
69-->src/main/AndroidManifest.xml:57:17-77
69-->src/main/AndroidManifest.xml:57:27-74
70            </intent-filter>
71        </activity>
72        <!--
73 Don't delete the meta-data below.
74             This is used by the Flutter tool to generate GeneratedPluginRegistrant.java
75        -->
76        <meta-data
76-->src/main/AndroidManifest.xml:66:9-68:33
77            android:name="flutterEmbedding"
77-->src/main/AndroidManifest.xml:67:13-44
78            android:value="2" />
78-->src/main/AndroidManifest.xml:68:13-30
79
80        <provider
80-->[:image_picker] AndroidManifest.xml:8:9-16:20
81            android:name="io.flutter.plugins.imagepicker.ImagePickerFileProvider"
81-->[:image_picker] AndroidManifest.xml:9:13-82
82            android:authorities="com.ist.yesil.flutter.image_provider"
82-->[:image_picker] AndroidManifest.xml:10:13-74
83            android:exported="false"
83-->[:image_picker] AndroidManifest.xml:11:13-37
84            android:grantUriPermissions="true" >
84-->[:image_picker] AndroidManifest.xml:12:13-47
85            <meta-data
85-->[:image_picker] AndroidManifest.xml:13:13-15:75
86                android:name="android.support.FILE_PROVIDER_PATHS"
86-->[:image_picker] AndroidManifest.xml:14:17-67
87                android:resource="@xml/flutter_image_picker_file_paths" />
87-->[:image_picker] AndroidManifest.xml:15:17-72
88        </provider>
89
90        <activity
90-->[:url_launcher] AndroidManifest.xml:8:9-11:74
91            android:name="io.flutter.plugins.urllauncher.WebViewActivity"
91-->[:url_launcher] AndroidManifest.xml:9:13-74
92            android:exported="false"
92-->[:url_launcher] AndroidManifest.xml:10:13-37
93            android:theme="@android:style/Theme.NoTitleBar.Fullscreen" />
93-->[:url_launcher] AndroidManifest.xml:11:13-71
94
95        <service
95-->[:firebase_analytics] AndroidManifest.xml:12:9-16:19
96            android:name="com.google.firebase.components.ComponentDiscoveryService"
96-->[:firebase_analytics] AndroidManifest.xml:12:18-89
97            android:directBootAware="true"
97-->[com.google.firebase:firebase-common:20.0.0] AndroidManifest.xml:35:13-43
98            android:exported="false" >
98-->[com.google.firebase:firebase-auth:21.0.1] AndroidManifest.xml:76:13-37
99            <meta-data
99-->[:firebase_analytics] AndroidManifest.xml:13:13-15:85
100                android:name="com.google.firebase.components:io.flutter.plugins.firebaseanalytics.FlutterFirebaseAppRegistrar"
100-->[:firebase_analytics] AndroidManifest.xml:14:17-127
101                android:value="com.google.firebase.components.ComponentRegistrar" />
101-->[:firebase_analytics] AndroidManifest.xml:15:17-82
102            <meta-data
102-->[:cloud_firestore] AndroidManifest.xml:9:13-11:85
103                android:name="com.google.firebase.components:io.flutter.plugins.firebase.firestore.FlutterFirebaseFirestoreRegistrar"
103-->[:cloud_firestore] AndroidManifest.xml:10:17-134
104                android:value="com.google.firebase.components.ComponentRegistrar" />
104-->[:cloud_firestore] AndroidManifest.xml:11:17-82
105            <meta-data
105-->[:firebase_auth] AndroidManifest.xml:9:13-11:85
106                android:name="com.google.firebase.components:io.flutter.plugins.firebase.auth.FlutterFirebaseAuthRegistrar"
106-->[:firebase_auth] AndroidManifest.xml:10:17-124
107                android:value="com.google.firebase.components.ComponentRegistrar" />
107-->[:firebase_auth] AndroidManifest.xml:11:17-82
108            <meta-data
108-->[:firebase_core] AndroidManifest.xml:9:13-11:85
109                android:name="com.google.firebase.components:io.flutter.plugins.firebase.core.FlutterFirebaseCoreRegistrar"
109-->[:firebase_core] AndroidManifest.xml:10:17-124
110                android:value="com.google.firebase.components.ComponentRegistrar" />
110-->[:firebase_core] AndroidManifest.xml:11:17-82
111            <meta-data
111-->[com.google.firebase:firebase-auth:21.0.1] AndroidManifest.xml:77:13-79:85
112                android:name="com.google.firebase.components:com.google.firebase.auth.FirebaseAuthRegistrar"
112-->[com.google.firebase:firebase-auth:21.0.1] AndroidManifest.xml:78:17-109
113                android:value="com.google.firebase.components.ComponentRegistrar" />
113-->[com.google.firebase:firebase-auth:21.0.1] AndroidManifest.xml:79:17-82
114            <meta-data
114-->[com.google.firebase:firebase-firestore:24.0.0] AndroidManifest.xml:20:13-22:85
115                android:name="com.google.firebase.components:com.google.firebase.firestore.FirestoreRegistrar"
115-->[com.google.firebase:firebase-firestore:24.0.0] AndroidManifest.xml:21:17-111
116                android:value="com.google.firebase.components.ComponentRegistrar" />
116-->[com.google.firebase:firebase-firestore:24.0.0] AndroidManifest.xml:22:17-82
117            <meta-data
117-->[com.google.android.gms:play-services-measurement-api:20.0.0] AndroidManifest.xml:30:13-32:85
118                android:name="com.google.firebase.components:com.google.firebase.analytics.connector.internal.AnalyticsConnectorRegistrar"
118-->[com.google.android.gms:play-services-measurement-api:20.0.0] AndroidManifest.xml:31:17-139
119                android:value="com.google.firebase.components.ComponentRegistrar" />
119-->[com.google.android.gms:play-services-measurement-api:20.0.0] AndroidManifest.xml:32:17-82
120            <meta-data
120-->[com.google.firebase:firebase-installations:17.0.0] AndroidManifest.xml:18:13-20:85
121                android:name="com.google.firebase.components:com.google.firebase.installations.FirebaseInstallationsRegistrar"
121-->[com.google.firebase:firebase-installations:17.0.0] AndroidManifest.xml:19:17-127
122                android:value="com.google.firebase.components.ComponentRegistrar" />
122-->[com.google.firebase:firebase-installations:17.0.0] AndroidManifest.xml:20:17-82
123        </service>
124
125        <activity
125-->[com.google.firebase:firebase-auth:21.0.1] AndroidManifest.xml:27:9-44:20
126            android:name="com.google.firebase.auth.internal.GenericIdpActivity"
126-->[com.google.firebase:firebase-auth:21.0.1] AndroidManifest.xml:28:13-80
127            android:excludeFromRecents="true"
127-->[com.google.firebase:firebase-auth:21.0.1] AndroidManifest.xml:29:13-46
128            android:exported="true"
128-->[com.google.firebase:firebase-auth:21.0.1] AndroidManifest.xml:30:13-36
129            android:launchMode="singleTask"
129-->[com.google.firebase:firebase-auth:21.0.1] AndroidManifest.xml:31:13-44
130            android:theme="@android:style/Theme.Translucent.NoTitleBar" >
130-->[com.google.firebase:firebase-auth:21.0.1] AndroidManifest.xml:32:13-72
131            <intent-filter>
131-->[com.google.firebase:firebase-auth:21.0.1] AndroidManifest.xml:33:13-43:29
132                <action android:name="android.intent.action.VIEW" />
132-->[com.google.firebase:firebase-auth:21.0.1] AndroidManifest.xml:34:17-69
132-->[com.google.firebase:firebase-auth:21.0.1] AndroidManifest.xml:34:25-66
133
134                <category android:name="android.intent.category.DEFAULT" />
134-->[com.google.firebase:firebase-auth:21.0.1] AndroidManifest.xml:36:17-76
134-->[com.google.firebase:firebase-auth:21.0.1] AndroidManifest.xml:36:27-73
135                <category android:name="android.intent.category.BROWSABLE" />
135-->[com.google.firebase:firebase-auth:21.0.1] AndroidManifest.xml:37:17-78
135-->[com.google.firebase:firebase-auth:21.0.1] AndroidManifest.xml:37:27-75
136
137                <data
137-->[com.google.firebase:firebase-auth:21.0.1] AndroidManifest.xml:39:17-42:51
138                    android:host="firebase.auth"
138-->[com.google.firebase:firebase-auth:21.0.1] AndroidManifest.xml:40:21-49
139                    android:path="/"
139-->[com.google.firebase:firebase-auth:21.0.1] AndroidManifest.xml:41:21-37
140                    android:scheme="genericidp" />
140-->[com.google.firebase:firebase-auth:21.0.1] AndroidManifest.xml:42:21-48
141            </intent-filter>
142        </activity>
143        <activity
143-->[com.google.firebase:firebase-auth:21.0.1] AndroidManifest.xml:45:9-62:20
144            android:name="com.google.firebase.auth.internal.RecaptchaActivity"
144-->[com.google.firebase:firebase-auth:21.0.1] AndroidManifest.xml:46:13-79
145            android:excludeFromRecents="true"
145-->[com.google.firebase:firebase-auth:21.0.1] AndroidManifest.xml:47:13-46
146            android:exported="true"
146-->[com.google.firebase:firebase-auth:21.0.1] AndroidManifest.xml:48:13-36
147            android:launchMode="singleTask"
147-->[com.google.firebase:firebase-auth:21.0.1] AndroidManifest.xml:49:13-44
148            android:theme="@android:style/Theme.Translucent.NoTitleBar" >
148-->[com.google.firebase:firebase-auth:21.0.1] AndroidManifest.xml:50:13-72
149            <intent-filter>
149-->[com.google.firebase:firebase-auth:21.0.1] AndroidManifest.xml:51:13-61:29
150                <action android:name="android.intent.action.VIEW" />
150-->[com.google.firebase:firebase-auth:21.0.1] AndroidManifest.xml:34:17-69
150-->[com.google.firebase:firebase-auth:21.0.1] AndroidManifest.xml:34:25-66
151
152                <category android:name="android.intent.category.DEFAULT" />
152-->[com.google.firebase:firebase-auth:21.0.1] AndroidManifest.xml:36:17-76
152-->[com.google.firebase:firebase-auth:21.0.1] AndroidManifest.xml:36:27-73
153                <category android:name="android.intent.category.BROWSABLE" />
153-->[com.google.firebase:firebase-auth:21.0.1] AndroidManifest.xml:37:17-78
153-->[com.google.firebase:firebase-auth:21.0.1] AndroidManifest.xml:37:27-75
154
155                <data
155-->[com.google.firebase:firebase-auth:21.0.1] AndroidManifest.xml:39:17-42:51
156                    android:host="firebase.auth"
156-->[com.google.firebase:firebase-auth:21.0.1] AndroidManifest.xml:40:21-49
157                    android:path="/"
157-->[com.google.firebase:firebase-auth:21.0.1] AndroidManifest.xml:41:21-37
158                    android:scheme="recaptcha" />
158-->[com.google.firebase:firebase-auth:21.0.1] AndroidManifest.xml:42:21-48
159            </intent-filter>
160        </activity>
161
162        <service
162-->[com.google.firebase:firebase-auth:21.0.1] AndroidManifest.xml:64:9-73:19
163            android:name="com.google.firebase.auth.api.fallback.service.FirebaseAuthFallbackService"
163-->[com.google.firebase:firebase-auth:21.0.1] AndroidManifest.xml:65:13-101
164            android:enabled="true"
164-->[com.google.firebase:firebase-auth:21.0.1] AndroidManifest.xml:66:13-35
165            android:exported="false" >
165-->[com.google.firebase:firebase-auth:21.0.1] AndroidManifest.xml:67:13-37
166            <intent-filter>
166-->[com.google.firebase:firebase-auth:21.0.1] AndroidManifest.xml:68:13-72:29
167                <action android:name="com.google.firebase.auth.api.gms.service.START" />
167-->[com.google.firebase:firebase-auth:21.0.1] AndroidManifest.xml:69:17-89
167-->[com.google.firebase:firebase-auth:21.0.1] AndroidManifest.xml:69:25-86
168
169                <category android:name="android.intent.category.DEFAULT" />
169-->[com.google.firebase:firebase-auth:21.0.1] AndroidManifest.xml:36:17-76
169-->[com.google.firebase:firebase-auth:21.0.1] AndroidManifest.xml:36:27-73
170            </intent-filter>
171        </service>
172
173        <provider
173-->[com.google.firebase:firebase-common:20.0.0] AndroidManifest.xml:26:9-31:39
174            android:name="com.google.firebase.provider.FirebaseInitProvider"
174-->[com.google.firebase:firebase-common:20.0.0] AndroidManifest.xml:27:13-77
175            android:authorities="com.ist.yesil.firebaseinitprovider"
175-->[com.google.firebase:firebase-common:20.0.0] AndroidManifest.xml:28:13-72
176            android:directBootAware="true"
176-->[com.google.firebase:firebase-common:20.0.0] AndroidManifest.xml:29:13-43
177            android:exported="false"
177-->[com.google.firebase:firebase-common:20.0.0] AndroidManifest.xml:30:13-37
178            android:initOrder="100" />
178-->[com.google.firebase:firebase-common:20.0.0] AndroidManifest.xml:31:13-36
179
180        <activity
180-->[com.google.android.gms:play-services-auth:16.0.1] AndroidManifest.xml:23:9-27:75
181            android:name="com.google.android.gms.auth.api.signin.internal.SignInHubActivity"
181-->[com.google.android.gms:play-services-auth:16.0.1] AndroidManifest.xml:24:13-93
182            android:excludeFromRecents="true"
182-->[com.google.android.gms:play-services-auth:16.0.1] AndroidManifest.xml:25:13-46
183            android:exported="false"
183-->[com.google.android.gms:play-services-auth:16.0.1] AndroidManifest.xml:26:13-37
184            android:theme="@android:style/Theme.Translucent.NoTitleBar" />
184-->[com.google.android.gms:play-services-auth:16.0.1] AndroidManifest.xml:27:13-72
185        <!--
186            Service handling Google Sign-In user revocation. For apps that do not integrate with
187            Google Sign-In, this service will never be started.
188        -->
189        <service
189-->[com.google.android.gms:play-services-auth:16.0.1] AndroidManifest.xml:33:9-36:110
190            android:name="com.google.android.gms.auth.api.signin.RevocationBoundService"
190-->[com.google.android.gms:play-services-auth:16.0.1] AndroidManifest.xml:34:13-89
191            android:exported="true"
191-->[com.google.android.gms:play-services-auth:16.0.1] AndroidManifest.xml:35:13-36
192            android:permission="com.google.android.gms.auth.api.signin.permission.REVOCATION_NOTIFICATION" /> <!-- Needs to be explicitly declared on P+ -->
192-->[com.google.android.gms:play-services-auth:16.0.1] AndroidManifest.xml:36:13-107
193        <uses-library
193-->[com.google.android.gms:play-services-maps:17.0.0] AndroidManifest.xml:33:9-35:40
194            android:name="org.apache.http.legacy"
194-->[com.google.android.gms:play-services-maps:17.0.0] AndroidManifest.xml:34:13-50
195            android:required="false" />
195-->[com.google.android.gms:play-services-maps:17.0.0] AndroidManifest.xml:35:13-37
196
197        <activity
197-->[com.google.android.gms:play-services-base:17.1.0] AndroidManifest.xml:23:9-26:75
198            android:name="com.google.android.gms.common.api.GoogleApiActivity"
198-->[com.google.android.gms:play-services-base:17.1.0] AndroidManifest.xml:24:13-79
199            android:exported="false"
199-->[com.google.android.gms:play-services-base:17.1.0] AndroidManifest.xml:25:13-37
200            android:theme="@android:style/Theme.Translucent.NoTitleBar" />
200-->[com.google.android.gms:play-services-base:17.1.0] AndroidManifest.xml:26:13-72
201
202        <receiver
202-->[com.google.android.gms:play-services-measurement:20.0.0] AndroidManifest.xml:29:9-33:20
203            android:name="com.google.android.gms.measurement.AppMeasurementReceiver"
203-->[com.google.android.gms:play-services-measurement:20.0.0] AndroidManifest.xml:30:13-85
204            android:enabled="true"
204-->[com.google.android.gms:play-services-measurement:20.0.0] AndroidManifest.xml:31:13-35
205            android:exported="false" >
205-->[com.google.android.gms:play-services-measurement:20.0.0] AndroidManifest.xml:32:13-37
206        </receiver>
207
208        <service
208-->[com.google.android.gms:play-services-measurement:20.0.0] AndroidManifest.xml:35:9-38:40
209            android:name="com.google.android.gms.measurement.AppMeasurementService"
209-->[com.google.android.gms:play-services-measurement:20.0.0] AndroidManifest.xml:36:13-84
210            android:enabled="true"
210-->[com.google.android.gms:play-services-measurement:20.0.0] AndroidManifest.xml:37:13-35
211            android:exported="false" />
211-->[com.google.android.gms:play-services-measurement:20.0.0] AndroidManifest.xml:38:13-37
212        <service
212-->[com.google.android.gms:play-services-measurement:20.0.0] AndroidManifest.xml:39:9-43:72
213            android:name="com.google.android.gms.measurement.AppMeasurementJobService"
213-->[com.google.android.gms:play-services-measurement:20.0.0] AndroidManifest.xml:40:13-87
214            android:enabled="true"
214-->[com.google.android.gms:play-services-measurement:20.0.0] AndroidManifest.xml:41:13-35
215            android:exported="false"
215-->[com.google.android.gms:play-services-measurement:20.0.0] AndroidManifest.xml:42:13-37
216            android:permission="android.permission.BIND_JOB_SERVICE" />
216-->[com.google.android.gms:play-services-measurement:20.0.0] AndroidManifest.xml:43:13-69
217
218        <meta-data
218-->[com.google.android.gms:play-services-basement:17.1.0] AndroidManifest.xml:23:9-25:69
219            android:name="com.google.android.gms.version"
219-->[com.google.android.gms:play-services-basement:17.1.0] AndroidManifest.xml:24:13-58
220            android:value="@integer/google_play_services_version" />
220-->[com.google.android.gms:play-services-basement:17.1.0] AndroidManifest.xml:25:13-66
221    </application>
222
223</manifest>